
Generation 1 - Current best internal CV score: 0.8781818181818182

Generation 2 - Current best internal CV score: 0.8783333333333333

Generation 3 - Current best internal CV score: 0.8795454545454545

Generation 4 - Current best internal CV score: 0.880530303030303

Generation 5 - Current best internal CV score: 0.885909090909091

Generation 6 - Current best internal CV score: 0.885909090909091

Generation 7 - Current best internal CV score: 0.885909090909091

Generation 8 - Current best internal CV score: 0.885909090909091

Generation 9 - Current best internal CV score: 0.8897727272727274

Generation 10 - Current best internal CV score: 0.8897727272727274

Generation 11 - Current best internal CV score: 0.8983333333333334

Generation 12 - Current best internal CV score: 0.8983333333333334

Generation 13 - Current best internal CV score: 0.8983333333333334

Generation 14 - Current best internal CV score: 0.8983333333333334

Generation 15 - Current best internal CV score: 0.9009848484848485

Generation 16 - Current best internal CV score: 0.9009848484848485

Generation 17 - Current best internal CV score: 0.9009848484848485

Generation 18 - Current best internal CV score: 0.9009848484848485

Generation 19 - Current best internal CV score: 0.9009848484848485

Generation 20 - Current best internal CV score: 0.9009848484848485

Generation 21 - Current best internal CV score: 0.9009848484848485

Generation 22 - Current best internal CV score: 0.9009848484848485

Generation 23 - Current best internal CV score: 0.9009848484848485

Generation 24 - Current best internal CV score: 0.9009848484848485

Generation 25 - Current best internal CV score: 0.901060606060606

Generation 26 - Current best internal CV score: 0.9032575757575756

Generation 27 - Current best internal CV score: 0.9032575757575756

Generation 28 - Current best internal CV score: 0.9032575757575756

Generation 29 - Current best internal CV score: 0.9032575757575756

401.30 minutes have elapsed. TPOT will close down.
TPOT closed during evaluation in one generation.
WARNING: TPOT may not provide a good pipeline if TPOT is stopped/interrupted in a early generation.


TPOT closed prematurely. Will use the current best pipeline.
