
Generation 1 - Current best internal CV score: 0.8392424242424242

Generation 2 - Current best internal CV score: 0.856969696969697

Generation 3 - Current best internal CV score: 0.856969696969697

Generation 4 - Current best internal CV score: 0.856969696969697

Generation 5 - Current best internal CV score: 0.856969696969697

Generation 6 - Current best internal CV score: 0.8590151515151515

Generation 7 - Current best internal CV score: 0.8621212121212121

Generation 8 - Current best internal CV score: 0.8668181818181818

Generation 9 - Current best internal CV score: 0.8668181818181818

Generation 10 - Current best internal CV score: 0.8668181818181818

Generation 11 - Current best internal CV score: 0.8668181818181818

Generation 12 - Current best internal CV score: 0.8668181818181818

Generation 13 - Current best internal CV score: 0.8719696969696971

Generation 14 - Current best internal CV score: 0.8719696969696971

Generation 15 - Current best internal CV score: 0.8719696969696971

Generation 16 - Current best internal CV score: 0.8719696969696971

Generation 17 - Current best internal CV score: 0.874090909090909

Generation 18 - Current best internal CV score: 0.8776515151515152

360.11 minutes have elapsed. TPOT will close down.
TPOT closed during evaluation in one generation.
WARNING: TPOT may not provide a good pipeline if TPOT is stopped/interrupted in a early generation.


TPOT closed prematurely. Will use the current best pipeline.
